<?xml version="1.0" encoding="UTF-8"?>
<!-- Generated by org.testng.reporters.JUnitReportReporter -->
<testsuite hostname="HP" failures="0" tests="1" name="hanmantauto.Testng.TestngFeatures" time="0.021" errors="0" timestamp="2021-07-21T23:43:20 IST" skipped="0">
  <testcase classname="hanmantauto.Testng.TestngFeatures" name="test5" time="0.021"/>
  <system-out/>
</testsuite> <!-- hanmantauto.Testng.TestngFeatures -->
