<?xml version="1.0" encoding="UTF-8"?>
<!-- Generated by org.testng.reporters.JUnitReportReporter -->
<testsuite hostname="HP" failures="0" tests="13" name="hanmantauto.Testng.Group" time="0.046" errors="0" timestamp="2021-07-22T18:15:50 IST" skipped="0">
  <testcase classname="hanmantauto.Testng.Group" name="test7" time="0.002"/>
  <system-out/>
  <testcase classname="hanmantauto.Testng.Group" name="test9" time="0.003"/>
  <system-out/>
  <testcase classname="hanmantauto.Testng.Group" name="test4" time="0.002"/>
  <system-out/>
  <testcase classname="hanmantauto.Testng.Group" name="test3" time="0.002"/>
  <system-out/>
  <testcase classname="hanmantauto.Testng.Group" name="test8" time="0.003"/>
  <system-out/>
  <testcase classname="hanmantauto.Testng.Group" name="test2" time="0.019"/>
  <system-out/>
  <testcase classname="hanmantauto.Testng.Group" name="test5" time="0.001"/>
  <system-out/>
  <testcase classname="hanmantauto.Testng.Group" name="test6" time="0.002"/>
  <system-out/>
  <testcase classname="hanmantauto.Testng.Group" name="test1" time="0.004"/>
  <system-out/>
  <testcase classname="hanmantauto.Testng.Group" name="test1" time="0.003"/>
  <system-out/>
  <testcase classname="hanmantauto.Testng.Group" name="test1" time="0.001"/>
  <system-out/>
  <testcase classname="hanmantauto.Testng.Group" name="test1" time="0.002"/>
  <system-out/>
  <testcase classname="hanmantauto.Testng.Group" name="test1" time="0.002"/>
  <system-out/>
</testsuite> <!-- hanmantauto.Testng.Group -->
